content.min.js:2 [Deprecation] Element.createShadowRoot is deprecated and will be removed in M73, around March 2019. Please use Element.attachShadow instead. See https://www.chromestatus.com/features/4507242028072960 for more details.
(anonymous) @ content.min.js:2
uebersicht:1 Unchecked runtime.lastError: The message port closed before a response was received.
DevTools failed to parse SourceMap: https://www.aklamio.com/de/uebersicht
DevTools failed to parse SourceMap: https://static.zdassets.com/web_widget/latest/web_widget.2cb9666fc8cad3e08fc5.js
DevTools failed to parse SourceMap: https://static.zdassets.com/web_widget/latest/web_widget.2cb9666fc8cad3e08fc5.js
Request URL: wss://widget-mediator.zopim.com/s/W/ws/j6cXo5zh6SZ9B32y/c/1556567827487
Request Method: GET
Status Code: 101 Switching Protocols
Connection: upgrade
Date: Mon, 29 Apr 2019 19:57:34 GMT
Sec-WebSocket-Accept: XQRZwhImprLgK8g0aiqYzPkbYYc=
Sec-WebSocket-Version: 13
Upgrade: websocket
WebSocket-Server: uWebSockets
Accept-Encoding: gzip, deflate, br
Accept-Language: de-DE,de;q=0.9,en-US;q=0.8,en;q=0.7
Cache-Control: no-cache
Connection: Upgrade
Host: widget-mediator.zopim.com
Origin: https://www.aklamio.com
Pragma: no-cache
Sec-WebSocket-Extensions: permessage-deflate; client_max_window_bits
Sec-WebSocket-Key: 7ay4WWrBp3xoJAEhv08A7Q==
Sec-WebSocket-Version: 13
Upgrade: websocket
User-Agent: Mozilla/5.0 (Windows NT 10.0; Win64; x64) AppleWebKit/537.36 (KHTML, like Gecko) Chrome/73.0.3683.103 Safari/537.36
1556567835444
-26028.30271362445
2
4
d
{"__type":"instrumentation","metrics":[{"method":"histogram","name":"start_exec","sample_rate":0.25,"tags":["client_country_code:DE","browser:chrome","device:desktop","platform:win","rev:8e00bf9a726cf6ea33f5ddd9b76ec7cb5d7df763"],"value":8.125}]}
{"__type":"instrumentation","metrics":[{"method":"increment","name":"jsapi.usage","tags":["source:web_widget","method:livechat.setLanguage"],"value":1},{"method":"increment","name":"jsapi.usage","tags":["source:web_widget","method:livechat.setName"],"value":1},{"method":"increment","name":"jsapi.usage","tags":["source:web_widget","method:livechat.setEmail"],"value":1}]}
{"path":["root","livechat","profile"],"value":{"active$int":1556567827500}}
{"path":["root","livechat","profile"],"value":{"display_name$string":"jasminisel1"}}
{"path":["root","livechat","profile"],"value":{"email$string":"jasminisel85@gmail.com"}}
{"path":["root","livechat","profile"],"value":{"disconnect_timeout$int":20}}
{"__type":"instrumentation","metrics":[{"method":"histogram","name":"init_ui_components_no_cached","sample_rate":0.25,"tags":["client_country_code:DE","browser:chrome","device:desktop","platform:win","rev:8e00bf9a726cf6ea33f5ddd9b76ec7cb5d7df763"],"value":1.626}]}
{"path":["root","livechat","ui","chat_window","pre_chat_offline_form"],"value":{"name$string":"form"}}
VM294:1 Uncaught SyntaxError: Unexpected identifier
    at Object.render (web_widget.2cb9666fc8cad3e08fc5.js:formatted:28085)
    at web_widget.2cb9666fc8cad3e08fc5.js:formatted:48751
    at common_vendor.9cdd8043f0c03fef9289.js:10
    at Zr (common_vendor.9cdd8043f0c03fef9289.js:10)
    at common_vendor.9cdd8043f0c03fef9289.js:10
    at Function.qu (common_vendor.9cdd8043f0c03fef9289.js:10)
    at oN (web_widget.2cb9666fc8cad3e08fc5.js:formatted:48739)
    at Object.init (web_widget.2cb9666fc8cad3e08fc5.js:formatted:48797)
    at web_widget.2cb9666fc8cad3e08fc5.js:formatted:54187
    at web_widget.2cb9666fc8cad3e08fc5.js:formatted:21059
    at web_widget.2cb9666fc8cad3e08fc5.js:formatted:67115
    at web_widget.2cb9666fc8cad3e08fc5.js:formatted:19452
    at HTMLScriptElement.r.onload (web_widget.2cb9666fc8cad3e08fc5.js:formatted:18500)
render @ web_widget.2cb9666fc8cad3e08fc5.js:formatted:28085
(anonymous) @ web_widget.2cb9666fc8cad3e08fc5.js:formatted:48751
(anonymous) @ common_vendor.9cdd8043f0c03fef9289.js:10
Zr @ common_vendor.9cdd8043f0c03fef9289.js:10
(anonymous) @ common_vendor.9cdd8043f0c03fef9289.js:10
qu @ common_vendor.9cdd8043f0c03fef9289.js:10
oN @ web_widget.2cb9666fc8cad3e08fc5.js:formatted:48739
init @ web_widget.2cb9666fc8cad3e08fc5.js:formatted:48797
(anonymous) @ web_widget.2cb9666fc8cad3e08fc5.js:formatted:54187
(anonymous) @ web_widget.2cb9666fc8cad3e08fc5.js:formatted:21059
(anonymous) @ web_widget.2cb9666fc8cad3e08fc5.js:formatted:67115
(anonymous) @ web_widget.2cb9666fc8cad3e08fc5.js:formatted:19452
r.onload @ web_widget.2cb9666fc8cad3e08fc5.js:formatted:18500
load (async)
Na+N.e.exports @ web_widget.2cb9666fc8cad3e08fc5.js:formatted:18499
(anonymous) @ web_widget.2cb9666fc8cad3e08fc5.js:formatted:19462
(anonymous) @ web_widget.2cb9666fc8cad3e08fc5.js:formatted:19463
(anonymous) @ web_widget.2cb9666fc8cad3e08fc5.js:formatted:19450
(anonymous) @ web_widget.2cb9666fc8cad3e08fc5.js:formatted:19449
SW6U.e.exports @ web_widget.2cb9666fc8cad3e08fc5.js:formatted:19455
h.load @ web_widget.2cb9666fc8cad3e08fc5.js:formatted:67111
setLocale @ web_widget.2cb9666fc8cad3e08fc5.js:formatted:21054
a @ web_widget.2cb9666fc8cad3e08fc5.js:formatted:54186
(anonymous) @ web_widget.2cb9666fc8cad3e08fc5.js:formatted:23173
b.callback @ web_widget.2cb9666fc8cad3e08fc5.js:formatted:6139
(anonymous) @ web_widget.2cb9666fc8cad3e08fc5.js:formatted:6037
r.emit @ web_widget.2cb9666fc8cad3e08fc5.js:formatted:58263
t.onreadystatechange @ web_widget.2cb9666fc8cad3e08fc5.js:formatted:6192
e._rollbar_wrapped.e._rollbar_wrapped @ web_widget.2cb9666fc8cad3e08fc5.js:formatted:3204
XMLHttpRequest.send (async)
(anonymous) @ web_widget.2cb9666fc8cad3e08fc5.js:formatted:5630
b._end @ web_widget.2cb9666fc8cad3e08fc5.js:formatted:6222
b.end @ web_widget.2cb9666fc8cad3e08fc5.js:formatted:6169
eu @ web_widget.2cb9666fc8cad3e08fc5.js:formatted:23172
getConfig @ web_widget.2cb9666fc8cad3e08fc5.js:formatted:54194
start @ web_widget.2cb9666fc8cad3e08fc5.js:formatted:54097
(anonymous) @ web_widget.2cb9666fc8cad3e08fc5.js:formatted:54210
setTimeout (async)
Vtdi @ web_widget.2cb9666fc8cad3e08fc5.js:formatted:54209
i @ runtime.72bb1c832afe2f8d08f8.js:1
0 @ web_widget.2cb9666fc8cad3e08fc5.js:formatted:478
i @ runtime.72bb1c832afe2f8d08f8.js:1
r @ runtime.72bb1c832afe2f8d08f8.js:1
t @ runtime.72bb1c832afe2f8d08f8.js:1
(anonymous) @ web_widget.2cb9666fc8cad3e08fc5.js:formatted:1
DevTools failed to parse SourceMap: https://static.zdassets.com/web_widget/latest/web_widget.2cb9666fc8cad3e08fc5.js
